<?xml version="1.0" encoding="UTF-8"?>
<testng-results ignored="0" total="2" passed="2" failed="0" skipped="0">
  <reporter-output>
  </reporter-output>
  <suite started-at="2021-01-05T14:20:45 EST" name="Default suite" finished-at="2021-01-05T14:21:03 EST" duration-ms="17687">
    <groups>
      <group name="cucumber">
        <method signature="AbstractTestNGCucumberTests.runScenario(io.cucumber.testng.PickleWrapper, io.cucumber.testng.FeatureWrapper)[pri:0, instance:ruNNer.ScrumRonner@5403f35f]" name="runScenario" class="io.cucumber.testng.AbstractTestNGCucumberTests"/>
      </group> <!-- cucumber -->
    </groups>
    <test started-at="2021-01-05T14:20:45 EST" name="Default test" finished-at="2021-01-05T14:21:03 EST" duration-ms="17687">
      <class name="ruNNer.ScrumRonner">
        <test-method is-config="true" signature="setUpClass()[pri:0, instance:ruNNer.ScrumRonner@5403f35f]" started-at="2021-01-05T14:20:46 EST" name="setUpClass" finished-at="2021-01-05T14:20:46 EST" duration-ms="560" status="PASS">
          <reporter-output>
          </reporter-output>
        </test-method> <!-- setUpClass -->
        <test-method signature="runScenario(io.cucumber.testng.PickleWrapper, io.cucumber.testng.FeatureWrapper)[pri:0, instance:ruNNer.ScrumRonner@5403f35f]" started-at="2021-01-05T14:20:46 EST" name="runScenario" description="Runs Cucumber Scenarios" data-provider="scenarios" finished-at="2021-01-05T14:20:55 EST" duration-ms="8811" status="PASS">
          <params>
            <param index="0">
              <value>
                <![CDATA["user is able to login"]]>
              </value>
            </param>
            <param index="1">
              <value>
                <![CDATA["Optional[checking facebook signup functionality]"]]>
              </value>
            </param>
          </params>
          <reporter-output>
          </reporter-output>
        </test-method> <!-- runScenario -->
        <test-method signature="runScenario(io.cucumber.testng.PickleWrapper, io.cucumber.testng.FeatureWrapper)[pri:0, instance:ruNNer.ScrumRonner@5403f35f]" started-at="2021-01-05T14:20:55 EST" name="runScenario" description="Runs Cucumber Scenarios" data-provider="scenarios" finished-at="2021-01-05T14:21:03 EST" duration-ms="7926" status="PASS">
          <params>
            <param index="0">
              <value>
                <![CDATA["user is able to login"]]>
              </value>
            </param>
            <param index="1">
              <value>
                <![CDATA["Optional[checking facebook signup functionality]"]]>
              </value>
            </param>
          </params>
          <reporter-output>
          </reporter-output>
        </test-method> <!-- runScenario -->
        <test-method is-config="true" signature="tearDownClass()[pri:0, instance:ruNNer.ScrumRonner@5403f35f]" started-at="2021-01-05T14:21:03 EST" name="tearDownClass" finished-at="2021-01-05T14:21:03 EST" duration-ms="340" status="PASS">
          <reporter-output>
          </reporter-output>
        </test-method> <!-- tearDownClass -->
      </class> <!-- ruNNer.ScrumRonner -->
    </test> <!-- Default test -->
  </suite> <!-- Default suite -->
</testng-results>
